Removed Pin From Net: NetName=SPEAKER_L Pin=SPEAKER_L-1
Removed Pin From Net: NetName=AGND Pin=SPEAKER_L-2
Removed Pin From Net: NetName=SPEAKER_R Pin=SPEAKER_R-1
Removed Pin From Net: NetName=AGND Pin=SPEAKER_R-2
Removed Member From Class: ClassName=MAIN_SCH Member=SPEAKER_L
Removed Member From Class: ClassName=MAIN_SCH Member=SPEAKER_R
Added Component: Designator=SPEAKER_L?(MOLX-532610271_V)
Add component (AddParameter): Name = "Case/Package"; Value = ""; VariantName = "[No Variations]"
Add component (AddParameter): Name = "Connector Type"; Value = "WiretoBoard"; VariantName = "[No Variations]"
Add component (AddParameter): Name = "Gender"; Value = "HDR"; VariantName = "[No Variations]"
Add component (AddParameter): Name = "Max Current Rating"; Value = ""; VariantName = "[No Variations]"
Add component (AddParameter): Name = "Max Operating Temperature"; Value = ""; VariantName = "[No Variations]"
Add component (AddParameter): Name = "Min Operating Temperature"; Value = ""; VariantName = "[No Variations]"
Add component (AddParameter): Name = "Mounting Technology"; Value = ""; VariantName = "[No Variations]"
Add component (AddParameter): Name = "Pins"; Value = "4"; VariantName = "[No Variations]"
Add component (AddParameter): Name = "RoHS Compliant"; Value = ""; VariantName = "[No Variations]"
Add component (AddParameter): Name = "Voltage Rating"; Value = ""; VariantName = "[No Variations]"
Added Component: Designator=SPEAKER_R?(MOLX-532610271_V)
Add component (AddParameter): Name = "Case/Package"; Value = ""; VariantName = "[No Variations]"
Add component (AddParameter): Name = "Connector Type"; Value = "WiretoBoard"; VariantName = "[No Variations]"
Add component (AddParameter): Name = "Gender"; Value = "HDR"; VariantName = "[No Variations]"
Add component (AddParameter): Name = "Max Current Rating"; Value = ""; VariantName = "[No Variations]"
Add component (AddParameter): Name = "Max Operating Temperature"; Value = ""; VariantName = "[No Variations]"
Add component (AddParameter): Name = "Min Operating Temperature"; Value = ""; VariantName = "[No Variations]"
Add component (AddParameter): Name = "Mounting Technology"; Value = ""; VariantName = "[No Variations]"
Add component (AddParameter): Name = "Pins"; Value = "4"; VariantName = "[No Variations]"
Add component (AddParameter): Name = "RoHS Compliant"; Value = ""; VariantName = "[No Variations]"
Add component (AddParameter): Name = "Voltage Rating"; Value = ""; VariantName = "[No Variations]"
Added Pin To Net: NetName=SPEAKER_L Pin=SPEAKER_L?-1
Added Pin To Net: NetName=AGND Pin=SPEAKER_L?-2
Added Pin To Net: NetName=SPEAKER_R Pin=SPEAKER_R?-1
Added Pin To Net: NetName=AGND Pin=SPEAKER_R?-2
Added Member To Class: ClassName=PGA Member=Component SPEAKER_L? 0532610271
Added Member To Class: ClassName=PGA Member=Component SPEAKER_R? 0532610271
