Added Component: Designator=connector(JST-SM03B-SRSS-TB_V)
Add component (AddParameter): Name = "Datasheet URL"; Value = "https://datasheet.ciiva.com/26894/getdatasheetpartid-708885-26894671.pdf"; VariantName = "[No Variations]"
Add component (AddParameter): Name = "Datasheet Version"; Value = "11/2010"; VariantName = "[No Variations]"
Add component (AddParameter): Name = "Manufacturer"; Value = "JST"; VariantName = "[No Variations]"
Add component (AddParameter): Name = "Manufacturer URL"; Value = "http://www.jst.com/home2.html"; VariantName = "[No Variations]"
Add component (AddParameter): Name = "Mounting Technology"; Value = "SurfaceMount"; VariantName = "[No Variations]"
Add component (AddParameter): Name = "No of Positions"; Value = "3"; VariantName = "[No Variations]"
Add component (AddParameter): Name = "Package Description"; Value = "Male Header, Pitch 1 mm, 1 x 3 Position, Height 2.9 mm"; VariantName = "[No Variations]"
Add component (AddParameter): Name = "Package Reference"; Value = "SM03B-SRSS-TB"; VariantName = "[No Variations]"
Add component (AddParameter): Name = "Pitch"; Value = "1mm"; VariantName = "[No Variations]"
Add component (AddParameter): Name = "Style/Orientation"; Value = "RightAngleHeader/Plug"; VariantName = "[No Variations]"
Add component (AddParameter): Name = "Termination"; Value = "Crimp"; VariantName = "[No Variations]"
Add component (AddParameter): Name = "Type"; Value = "ShroudedHeader"; VariantName = "[No Variations]"
Added Component: Designator=SENSOR(LV-MaxSonar-EZ-1010-Footprint-1)
Added Pin To Net: NetName=5V Pin=connector-2
Added Pin To Net: NetName=5V Pin=SENSOR-2
Added Pin To Net: NetName=5V Pin=SENSOR-4
Added Net: Name=5V
Added Pin To Net: NetName=GND Pin=connector-3
Added Pin To Net: NetName=GND Pin=SENSOR-1
Added Pin To Net: NetName=GND Pin=SENSOR-7
Added Net: Name=GND
Added Pin To Net: NetName=VDistance Pin=connector-1
Added Pin To Net: NetName=VDistance Pin=SENSOR-5
Added Net: Name=VDistance
Added Class: Name=SENSOR
