Removed Pin From Net: NetName=CRG0 Pin=CRG_R0-1
Removed Pin From Net: NetName=CRG1 Pin=CRG_R1-1
Removed Pin From Net: NetName=CRG2 Pin=CRG_R2-1
Removed Pin From Net: NetName=CRG3 Pin=CRG_R3-1
Removed Pin From Net: NetName=GND Pin=ESP0-5
Removed Pin From Net: NetName=GND Pin=ESP0-11
Removed Pin From Net: NetName=GND Pin=ESP0-13
Removed Pin From Net: NetName=GND Pin=ESP0-16
Removed Pin From Net: NetName=GND Pin=ESP0-18
Removed Pin From Net: NetName=GND Pin=ESP0-19
Removed Pin From Net: NetName=GND Pin=ESP0-20
Removed Pin From Net: NetName=AMP_MUTE Pin=ESP0-21
Removed Pin From Net: NetName=AMP_SCK Pin=ESP0-22
Removed Pin From Net: NetName=AMP_DATA Pin=ESP0-23
Removed Pin From Net: NetName=AMP_CS Pin=ESP0-24
Removed Pin From Net: NetName=GND Pin=ESP0-28
Removed Pin From Net: NetName=GND Pin=ESP0-29
Removed Pin From Net: NetName=GND Pin=ESP0-30
Change Component DesignItemId : Designator=ESP0 Old DesignItemId=CMP-00001-9 New DesignItemId=CMP-00001-10
Change Managed Component Library Link : Designator=ESP0 Old VaultGUID=E6AC3BD4-25A4-4748-AC67-3E04A9BAE261 New VaultGUID=E6AC3BD4-25A4-4748-AC67-3E04A9BAE261 Old ItemGUID=e4c511a9-7229-4139-819e-4292bbe91620 New ItemGUID=e4c511a9-7229-4139-819e-4292bbe91620 Old RevisionGUID=a89ecf64-4955-4582-8a79-c3bebe8c4d4a New RevisionGUID=d7e03b09-c0d6-4d4f-abe1-1df82f8f3900
Added Component: Designator=R?(RESC1005X40X25NL05T10)
Add component (AddParameter): Name = "Case/Package"; Value = ""; VariantName = "[No Variations]"
Add component (AddParameter): Name = "Max Operating Temperature"; Value = "155°C"; VariantName = "[No Variations]"
Add component (AddParameter): Name = "Min Operating Temperature"; Value = "-55°C"; VariantName = "[No Variations]"
Add component (AddParameter): Name = "Mounting Technology"; Value = ""; VariantName = "[No Variations]"
Add component (AddParameter): Name = "Pins"; Value = ""; VariantName = "[No Variations]"
Add component (AddParameter): Name = "Power"; Value = ""; VariantName = "[No Variations]"
Add component (AddParameter): Name = "RoHS Compliant"; Value = "Yes"; VariantName = "[No Variations]"
Add component (AddParameter): Name = "Tolerance"; Value = "1%"; VariantName = "[No Variations]"
Add component (AddParameter): Name = "Value"; Value = "47k"; VariantName = "[No Variations]"
Add component (AddParameter): Name = "Voltage Rating"; Value = ""; VariantName = "[No Variations]"
Add Component: Footprint Not Found MODULE_EK-TM4C123GXL
Added Pin To Net: NetName=CRG3 Pin=CRG_R0-1
Added Pin To Net: NetName=CRG2 Pin=CRG_R1-1
Added Pin To Net: NetName=CRG1 Pin=CRG_R2-1
Added Pin To Net: NetName=CRG0 Pin=CRG_R3-1
Added Pin To Net: NetName=AMP_CS Pin=ESP0-21
Added Pin To Net: NetName=AMP_DATA Pin=ESP0-22
Added Pin To Net: NetName=AMP_SCK Pin=ESP0-23
Added Pin To Net: NetName=AMP_MUTE Pin=ESP0-24
Add Pin To Net: Unknown Pin: Pin TIVA-J1_1
Add Pin To Net: Unknown Pin: Pin TIVA-J1_2
Add Pin To Net: Unknown Pin: Pin TIVA-J1_3
Add Pin To Net: Unknown Pin: Pin TIVA-J1_4
Add Pin To Net: Unknown Pin: Pin TIVA-J1_5
Add Pin To Net: Unknown Pin: Pin TIVA-J1_6
Add Pin To Net: Unknown Pin: Pin TIVA-J1_7
Add Pin To Net: Unknown Pin: Pin TIVA-J1_8
Add Pin To Net: Unknown Pin: Pin TIVA-J1_9
Add Pin To Net: Unknown Pin: Pin TIVA-J1_10
Add Pin To Net: Unknown Pin: Pin TIVA-J2_1
Add Pin To Net: Unknown Pin: Pin TIVA-J2_2
Add Pin To Net: Unknown Pin: Pin TIVA-J2_3
Add Pin To Net: Unknown Pin: Pin TIVA-J2_4
Add Pin To Net: Unknown Pin: Pin TIVA-J2_5
Add Pin To Net: Unknown Pin: Pin TIVA-J2_6
Add Pin To Net: Unknown Pin: Pin TIVA-J2_7
Add Pin To Net: Unknown Pin: Pin TIVA-J2_8
Add Pin To Net: Unknown Pin: Pin TIVA-J2_9
Add Pin To Net: Unknown Pin: Pin TIVA-J2_10
Add Pin To Net: Unknown Pin: Pin TIVA-J3_1
Add Pin To Net: Unknown Pin: Pin TIVA-J3_2
Add Pin To Net: Unknown Pin: Pin TIVA-J3_3
Add Pin To Net: Unknown Pin: Pin TIVA-J3_4
Add Pin To Net: Unknown Pin: Pin TIVA-J3_5
Add Pin To Net: Unknown Pin: Pin TIVA-J3_6
Add Pin To Net: Unknown Pin: Pin TIVA-J3_7
Add Pin To Net: Unknown Pin: Pin TIVA-J3_8
Add Pin To Net: Unknown Pin: Pin TIVA-J3_9
Add Pin To Net: Unknown Pin: Pin TIVA-J3_10
Add Pin To Net: Unknown Pin: Pin TIVA-J4_1
Add Pin To Net: Unknown Pin: Pin TIVA-J4_2
Add Pin To Net: Unknown Pin: Pin TIVA-J4_3
Add Pin To Net: Unknown Pin: Pin TIVA-J4_4
Add Pin To Net: Unknown Pin: Pin TIVA-J4_5
Add Pin To Net: Unknown Pin: Pin TIVA-J4_6
Add Pin To Net: Unknown Pin: Pin TIVA-J4_7
Add Pin To Net: Unknown Pin: Pin TIVA-J4_8
Add Pin To Net: Unknown Pin: Pin TIVA-J4_9
Add Pin To Net: Unknown Pin: Pin TIVA-J4_10
Added Member To Class: ClassName=MAIN_SCH Member=Component R? RC0402FR-0747KL
Add Class Member: Failed to add class member : Component TIVA EK-TM4C123GXL
