Change Component Footprint: Designator=ESP0 Old Footprint=ESP-32-BB-Footprint-1 New Footprint=ESP-32-BB-Footprint-1
Change Component Footprint: Designator=R4 Old Footprint=RESC1005X40X25ML05T10 New Footprint=RESC1005X40X25NL05T10
Change Component Comment : Designator=R4 Old Comment=Resistor 51k +/-5% 0402 63 mW New Comment=RC0402FR-0747KL
Change Component Designator: OldDesignator=  NewDesignator=AREG_C1
Change Managed Component Library Link : Designator=ESP0 Old VaultGUID=E6AC3BD4-25A4-4748-AC67-3E04A9BAE261 New VaultGUID=E6AC3BD4-25A4-4748-AC67-3E04A9BAE261 Old ItemGUID=e4c511a9-7229-4139-819e-4292bbe91620 New ItemGUID=e4c511a9-7229-4139-819e-4292bbe91620 Old RevisionGUID=d7e03b09-c0d6-4d4f-abe1-1df82f8f3900 New RevisionGUID=5880ec31-8ff4-4938-b393-4e539756f38d
Change Managed Component Library Link : Designator=R4 Old VaultGUID=E6AC3BD4-25A4-4748-AC67-3E04A9BAE261 New VaultGUID=E6AC3BD4-25A4-4748-AC67-3E04A9BAE261 Old ItemGUID=028BCB70-13AF-41AB-B2C7-10AC7CFA1B77 New ItemGUID=1394fffb-1549-437e-a166-27dd3535b76e Old RevisionGUID=210067A0-4C4B-4E00-935F-D35220D4A10C New RevisionGUID=5bbeaf54-1061-43ee-92d3-18f586f0f280
Change component parameters: Designator = "R4" ("R4"); Footprint = "RESC1005X40X25ML05T10"; UniqueID = "\RBNFCOIT" ("\RBNFCOIT")
Change component parameters (AddParameter): Name = "Case/Package"; Value = ""; VariantName = "[No Variations]"
Change component parameters (AddParameter): Name = "Max Operating Temperature"; Value = "155°C"; VariantName = "[No Variations]"
Change component parameters (AddParameter): Name = "Min Operating Temperature"; Value = "-55°C"; VariantName = "[No Variations]"
Change component parameters (AddParameter): Name = "Mounting Technology"; Value = ""; VariantName = "[No Variations]"
Change component parameters (AddParameter): Name = "Pins"; Value = ""; VariantName = "[No Variations]"
Change component parameters (AddParameter): Name = "Power"; Value = ""; VariantName = "[No Variations]"
Change component parameters (AddParameter): Name = "RoHS Compliant"; Value = "Yes"; VariantName = "[No Variations]"
Change component parameters (AddParameter): Name = "Tolerance"; Value = "1%"; VariantName = "[No Variations]"
Change component parameters (AddParameter): Name = "Value"; Value = "47k"; VariantName = "[No Variations]"
Change component parameters (AddParameter): Name = "Voltage Rating"; Value = ""; VariantName = "[No Variations]"
Add Component: Footprint Not Found MODULE_EK-TM4C123GXL
Add Pin To Net: Unknown Pin: Pin TIVA-J1_1
Add Pin To Net: Unknown Pin: Pin TIVA-J1_2
Add Pin To Net: Unknown Pin: Pin TIVA-J1_3
Add Pin To Net: Unknown Pin: Pin TIVA-J1_4
Add Pin To Net: Unknown Pin: Pin TIVA-J1_5
Add Pin To Net: Unknown Pin: Pin TIVA-J1_6
Add Pin To Net: Unknown Pin: Pin TIVA-J1_7
Add Pin To Net: Unknown Pin: Pin TIVA-J1_8
Add Pin To Net: Unknown Pin: Pin TIVA-J1_9
Add Pin To Net: Unknown Pin: Pin TIVA-J1_10
Add Pin To Net: Unknown Pin: Pin TIVA-J2_1
Add Pin To Net: Unknown Pin: Pin TIVA-J2_2
Add Pin To Net: Unknown Pin: Pin TIVA-J2_3
Add Pin To Net: Unknown Pin: Pin TIVA-J2_4
Add Pin To Net: Unknown Pin: Pin TIVA-J2_5
Add Pin To Net: Unknown Pin: Pin TIVA-J2_6
Add Pin To Net: Unknown Pin: Pin TIVA-J2_7
Add Pin To Net: Unknown Pin: Pin TIVA-J2_8
Add Pin To Net: Unknown Pin: Pin TIVA-J2_9
Add Pin To Net: Unknown Pin: Pin TIVA-J2_10
Add Pin To Net: Unknown Pin: Pin TIVA-J3_1
Add Pin To Net: Unknown Pin: Pin TIVA-J3_2
Add Pin To Net: Unknown Pin: Pin TIVA-J3_3
Add Pin To Net: Unknown Pin: Pin TIVA-J3_4
Add Pin To Net: Unknown Pin: Pin TIVA-J3_5
Add Pin To Net: Unknown Pin: Pin TIVA-J3_6
Add Pin To Net: Unknown Pin: Pin TIVA-J3_7
Add Pin To Net: Unknown Pin: Pin TIVA-J3_8
Add Pin To Net: Unknown Pin: Pin TIVA-J3_9
Add Pin To Net: Unknown Pin: Pin TIVA-J3_10
Add Pin To Net: Unknown Pin: Pin TIVA-J4_1
Add Pin To Net: Unknown Pin: Pin TIVA-J4_2
Add Pin To Net: Unknown Pin: Pin TIVA-J4_3
Add Pin To Net: Unknown Pin: Pin TIVA-J4_4
Add Pin To Net: Unknown Pin: Pin TIVA-J4_5
Add Pin To Net: Unknown Pin: Pin TIVA-J4_6
Add Pin To Net: Unknown Pin: Pin TIVA-J4_7
Add Pin To Net: Unknown Pin: Pin TIVA-J4_8
Add Pin To Net: Unknown Pin: Pin TIVA-J4_9
Add Pin To Net: Unknown Pin: Pin TIVA-J4_10
Added Member To Class: ClassName=PCM Member=Component AREG_C1 1uF 0402 Ceramic
Add Class Member: Failed to add class member : Component TIVA EK-TM4C123GXL
