Removed Pin From Net: NetName=5V Pin=ESP0-1
Removed Pin From Net: NetName=CRASH Pin=ESP0-2
Removed Pin From Net: NetName=VBAT Pin=ESP0-3
Removed Pin From Net: NetName=LBO Pin=ESP0-4
Removed Pin From Net: NetName=CPGND Pin=ESP0-5
Removed Pin From Net: NetName=CRG3 Pin=ESP0-6
Removed Pin From Net: NetName=CRG2 Pin=ESP0-7
Removed Pin From Net: NetName=CRG1 Pin=ESP0-8
Removed Pin From Net: NetName=CRG0 Pin=ESP0-9
Removed Pin From Net: NetName=CRG_BUTT Pin=ESP0-10
Removed Pin From Net: NetName=CPGND Pin=ESP0-11
Removed Pin From Net: NetName=CPGND Pin=ESP0-12
Removed Pin From Net: NetName=CPGND Pin=ESP0-13
Removed Pin From Net: NetName=CPGND Pin=ESP0-14
Removed Pin From Net: NetName=5V Pin=ESP0-15
Removed Pin From Net: NetName=CPGND Pin=ESP0-16
Removed Pin From Net: NetName=CPGND Pin=ESP0-17
Removed Pin From Net: NetName=CPGND Pin=ESP0-18
Removed Pin From Net: NetName=CPGND Pin=ESP0-19
Removed Pin From Net: NetName=CPGND Pin=ESP0-20
Removed Pin From Net: NetName=AMP_MUTE Pin=ESP0-21
Removed Pin From Net: NetName=AMP_SCK Pin=ESP0-22
Removed Pin From Net: NetName=AMP_DATA Pin=ESP0-23
Removed Pin From Net: NetName=AMP_CS Pin=ESP0-24
Removed Pin From Net: NetName=I2S_WS Pin=ESP0-25
Removed Pin From Net: NetName=I2S_DATA Pin=ESP0-26
Removed Pin From Net: NetName=I2S_CLK Pin=ESP0-27
Removed Pin From Net: NetName=CPGND Pin=ESP0-28
Removed Pin From Net: NetName=CPGND Pin=ESP0-29
Removed Pin From Net: NetName=CPGND Pin=ESP0-30
Change Component Designator: OldDesignator=ESP1 NewDesignator=ESP0
Add Component: Footprint Not Found MODULE_EK-TM4C123GXL
Added Pin To Net: NetName=5V Pin=ESP0-1
Added Pin To Net: NetName=CRASH Pin=ESP0-2
Added Pin To Net: NetName=VBAT Pin=ESP0-3
Added Pin To Net: NetName=LBO Pin=ESP0-4
Added Pin To Net: NetName=CPGND Pin=ESP0-5
Added Pin To Net: NetName=CRG3 Pin=ESP0-6
Added Pin To Net: NetName=CRG2 Pin=ESP0-7
Added Pin To Net: NetName=CRG1 Pin=ESP0-8
Added Pin To Net: NetName=CRG0 Pin=ESP0-9
Added Pin To Net: NetName=CRG_BUTT Pin=ESP0-10
Added Pin To Net: NetName=CPGND Pin=ESP0-11
Added Pin To Net: NetName=CPGND Pin=ESP0-12
Added Pin To Net: NetName=CPGND Pin=ESP0-13
Added Pin To Net: NetName=CPGND Pin=ESP0-14
Added Pin To Net: NetName=5V Pin=ESP0-15
Added Pin To Net: NetName=CPGND Pin=ESP0-16
Added Pin To Net: NetName=CPGND Pin=ESP0-17
Added Pin To Net: NetName=CPGND Pin=ESP0-18
Added Pin To Net: NetName=CPGND Pin=ESP0-19
Added Pin To Net: NetName=CPGND Pin=ESP0-20
Added Pin To Net: NetName=AMP_MUTE Pin=ESP0-21
Added Pin To Net: NetName=AMP_SCK Pin=ESP0-22
Added Pin To Net: NetName=AMP_DATA Pin=ESP0-23
Added Pin To Net: NetName=AMP_CS Pin=ESP0-24
Added Pin To Net: NetName=I2S_WS Pin=ESP0-25
Added Pin To Net: NetName=I2S_DATA Pin=ESP0-26
Added Pin To Net: NetName=I2S_CLK Pin=ESP0-27
Added Pin To Net: NetName=CPGND Pin=ESP0-28
Added Pin To Net: NetName=CPGND Pin=ESP0-29
Added Pin To Net: NetName=CPGND Pin=ESP0-30
Add Pin To Net: Unknown Pin: Pin TIVA-J1_1
Add Pin To Net: Unknown Pin: Pin TIVA-J1_2
Add Pin To Net: Unknown Pin: Pin TIVA-J1_3
Add Pin To Net: Unknown Pin: Pin TIVA-J1_4
Add Pin To Net: Unknown Pin: Pin TIVA-J1_5
Add Pin To Net: Unknown Pin: Pin TIVA-J1_6
Add Pin To Net: Unknown Pin: Pin TIVA-J1_7
Add Pin To Net: Unknown Pin: Pin TIVA-J1_8
Add Pin To Net: Unknown Pin: Pin TIVA-J1_9
Add Pin To Net: Unknown Pin: Pin TIVA-J1_10
Add Pin To Net: Unknown Pin: Pin TIVA-J2_1
Add Pin To Net: Unknown Pin: Pin TIVA-J2_2
Add Pin To Net: Unknown Pin: Pin TIVA-J2_3
Add Pin To Net: Unknown Pin: Pin TIVA-J2_4
Add Pin To Net: Unknown Pin: Pin TIVA-J2_5
Add Pin To Net: Unknown Pin: Pin TIVA-J2_6
Add Pin To Net: Unknown Pin: Pin TIVA-J2_7
Add Pin To Net: Unknown Pin: Pin TIVA-J2_8
Add Pin To Net: Unknown Pin: Pin TIVA-J2_9
Add Pin To Net: Unknown Pin: Pin TIVA-J2_10
Add Pin To Net: Unknown Pin: Pin TIVA-J3_1
Add Pin To Net: Unknown Pin: Pin TIVA-J3_2
Add Pin To Net: Unknown Pin: Pin TIVA-J3_3
Add Pin To Net: Unknown Pin: Pin TIVA-J3_4
Add Pin To Net: Unknown Pin: Pin TIVA-J3_5
Add Pin To Net: Unknown Pin: Pin TIVA-J3_6
Add Pin To Net: Unknown Pin: Pin TIVA-J3_7
Add Pin To Net: Unknown Pin: Pin TIVA-J3_8
Add Pin To Net: Unknown Pin: Pin TIVA-J3_9
Add Pin To Net: Unknown Pin: Pin TIVA-J3_10
Add Pin To Net: Unknown Pin: Pin TIVA-J4_1
Add Pin To Net: Unknown Pin: Pin TIVA-J4_2
Add Pin To Net: Unknown Pin: Pin TIVA-J4_3
Add Pin To Net: Unknown Pin: Pin TIVA-J4_4
Add Pin To Net: Unknown Pin: Pin TIVA-J4_5
Add Pin To Net: Unknown Pin: Pin TIVA-J4_6
Add Pin To Net: Unknown Pin: Pin TIVA-J4_7
Add Pin To Net: Unknown Pin: Pin TIVA-J4_8
Add Pin To Net: Unknown Pin: Pin TIVA-J4_9
Add Pin To Net: Unknown Pin: Pin TIVA-J4_10
Add Class Member: Failed to add class member : Component TIVA EK-TM4C123GXL
